06-26-2017 11:34:41 INFO  - c.c.s.m.SimpleAdServerApplication - Starting SimpleAdServerApplication on midway.fios-router.home with PID 5503 (/Users/nithya/Documents/workspace/simple-ad-server/target/classes started by nithya in /Users/nithya/Documents/workspace/simple-ad-server)
06-26-2017 11:34:41 INFO  - c.c.s.m.SimpleAdServerApplication - No active profile set, falling back to default profiles: default
06-26-2017 11:34:41 INFO  - o.s.b.c.e.AnnotationConfigEmbeddedWebApplicationContext - Refreshing org.springframework.boot.context.embedded.AnnotationConfigEmbeddedWebApplicationContext@58134517: startup date [Mon Jun 26 23:34:41 EDT 2017]; root of context hierarchy
06-26-2017 11:34:42 INFO  - o.h.v.i.u.Version    - HV000001: Hibernate Validator 5.3.4.Final
06-26-2017 11:34:42 INFO  - o.s.c.s.PostProcessorRegistrationDelegate$BeanPostProcessorChecker - Bean 'org.springframework.transaction.annotation.ProxyTransactionManagementConfiguration' of type [org.springframework.transaction.annotation.ProxyTransactionManagementConfiguration$$EnhancerBySpringCGLIB$$378c0ae7] is not eligible for getting processed by all BeanPostProcessors (for example: not eligible for auto-proxying)
06-26-2017 11:34:42 INFO  - o.s.b.c.e.t.TomcatEmbeddedServletContainer - Tomcat initialized with port(s): 8080 (http)
06-26-2017 11:34:42 INFO  - o.a.c.c.StandardService - Starting service Tomcat
06-26-2017 11:34:42 INFO  - o.a.c.c.StandardEngine - Starting Servlet Engine: Apache Tomcat/8.5.11
06-26-2017 11:34:42 INFO  - o.a.c.c.C.[.[.[/simpleadserver] - Initializing Spring embedded WebApplicationContext
06-26-2017 11:34:42 INFO  - o.s.w.c.ContextLoader - Root WebApplicationContext: initialization completed in 870 ms
06-26-2017 11:34:42 INFO  - o.s.b.w.s.ServletRegistrationBean - Mapping servlet: 'dispatcherServlet' to [/]
06-26-2017 11:34:42 INFO  - o.s.b.w.s.FilterRegistrationBean - Mapping filter: 'characterEncodingFilter' to: [/*]
06-26-2017 11:34:42 INFO  - o.s.b.w.s.FilterRegistrationBean - Mapping filter: 'hiddenHttpMethodFilter' to: [/*]
06-26-2017 11:34:42 INFO  - o.s.b.w.s.FilterRegistrationBean - Mapping filter: 'httpPutFormContentFilter' to: [/*]
06-26-2017 11:34:42 INFO  - o.s.b.w.s.FilterRegistrationBean - Mapping filter: 'requestContextFilter' to: [/*]
06-26-2017 11:34:42 INFO  - o.s.j.d.DriverManagerDataSource - Loaded JDBC driver: org.hsqldb.jdbcDriver
06-26-2017 11:34:43 INFO  - o.s.w.s.m.m.a.RequestMappingHandlerAdapter - Looking for @ControllerAdvice: org.springframework.boot.context.embedded.AnnotationConfigEmbeddedWebApplicationContext@58134517: startup date [Mon Jun 26 23:34:41 EDT 2017]; root of context hierarchy
06-26-2017 11:34:43 INFO  - o.s.w.s.m.m.a.RequestMappingHandlerMapping - Mapped "{[/ad],methods=[POST]}" onto public org.springframework.http.ResponseEntity<java.lang.String> com.comcast.simpleadserver.controller.SimpleAdServerController.postAdCampaign(com.comcast.simpleadserver.model.AdCampaign)
06-26-2017 11:34:43 INFO  - o.s.w.s.m.m.a.RequestMappingHandlerMapping - Mapped "{[/{partnerId}],methods=[GET]}" onto public org.springframework.http.ResponseEntity<?> com.comcast.simpleadserver.controller.SimpleAdServerController.getAdCampaign(java.lang.String) throws com.fasterxml.jackson.core.JsonProcessingException
06-26-2017 11:34:43 INFO  - o.s.w.s.m.m.a.RequestMappingHandlerMapping - Mapped "{[/error]}" onto public org.springframework.http.ResponseEntity<java.util.Map<java.lang.String, java.lang.Object>> org.springframework.boot.autoconfigure.web.BasicErrorController.error(javax.servlet.http.HttpServletRequest)
06-26-2017 11:34:43 INFO  - o.s.w.s.m.m.a.RequestMappingHandlerMapping - Mapped "{[/error],produces=[text/html]}" onto public org.springframework.web.servlet.ModelAndView org.springframework.boot.autoconfigure.web.BasicErrorController.errorHtml(javax.servlet.http.HttpServletRequest,javax.servlet.http.HttpServletResponse)
06-26-2017 11:34:43 INFO  - o.s.w.s.h.SimpleUrlHandlerMapping - Mapped URL path [/webjars/**] onto handler of type [class org.springframework.web.servlet.resource.ResourceHttpRequestHandler]
06-26-2017 11:34:43 INFO  - o.s.w.s.h.SimpleUrlHandlerMapping - Mapped URL path [/**] onto handler of type [class org.springframework.web.servlet.resource.ResourceHttpRequestHandler]
06-26-2017 11:34:43 INFO  - o.s.w.s.h.SimpleUrlHandlerMapping - Mapped URL path [/**/favicon.ico] onto handler of type [class org.springframework.web.servlet.resource.ResourceHttpRequestHandler]
06-26-2017 11:34:43 INFO  - o.s.j.d.e.EmbeddedDatabaseFactory - Starting embedded database: url='jdbc:hsqldb:mem:testdb', username='sa'
06-26-2017 11:34:43 INFO  - o.s.j.e.a.AnnotationMBeanExporter - Registering beans for JMX exposure on startup
06-26-2017 11:34:43 INFO  - o.a.c.h.Http11NioProtocol - Initializing ProtocolHandler ["http-nio-8080"]
06-26-2017 11:34:43 INFO  - o.a.c.h.Http11NioProtocol - Starting ProtocolHandler [http-nio-8080]
06-26-2017 11:34:43 INFO  - o.a.t.u.n.NioSelectorPool - Using a shared selector for servlet write/read
06-26-2017 11:34:43 INFO  - o.s.b.c.e.t.TomcatEmbeddedServletContainer - Tomcat started on port(s): 8080 (http)
06-26-2017 11:34:43 INFO  - c.c.s.m.SimpleAdServerApplication - Started SimpleAdServerApplication in 1.886 seconds (JVM running for 2.229)
06-26-2017 11:34:58 INFO  - o.s.b.c.e.AnnotationConfigEmbeddedWebApplicationContext - Closing org.springframework.boot.context.embedded.AnnotationConfigEmbeddedWebApplicationContext@58134517: startup date [Mon Jun 26 23:34:41 EDT 2017]; root of context hierarchy
06-26-2017 11:34:58 INFO  - o.s.j.d.e.EmbeddedDatabaseFactory - Shutting down embedded database: url='jdbc:hsqldb:mem:testdb'
06-26-2017 11:34:58 INFO  - o.s.j.e.a.AnnotationMBeanExporter - Unregistering JMX-exposed beans on shutdown
06-26-2017 11:35:13 INFO  - c.c.s.m.SimpleAdServerApplication - Starting SimpleAdServerApplication on midway.fios-router.home with PID 5504 (/Users/nithya/Documents/workspace/simple-ad-server/target/classes started by nithya in /Users/nithya/Documents/workspace/simple-ad-server)
06-26-2017 11:35:13 INFO  - c.c.s.m.SimpleAdServerApplication - No active profile set, falling back to default profiles: default
06-26-2017 11:35:13 INFO  - o.s.b.c.e.AnnotationConfigEmbeddedWebApplicationContext - Refreshing org.springframework.boot.context.embedded.AnnotationConfigEmbeddedWebApplicationContext@58134517: startup date [Mon Jun 26 23:35:13 EDT 2017]; root of context hierarchy
06-26-2017 11:35:14 INFO  - o.h.v.i.u.Version    - HV000001: Hibernate Validator 5.3.4.Final
06-26-2017 11:35:14 INFO  - o.s.c.s.PostProcessorRegistrationDelegate$BeanPostProcessorChecker - Bean 'org.springframework.transaction.annotation.ProxyTransactionManagementConfiguration' of type [org.springframework.transaction.annotation.ProxyTransactionManagementConfiguration$$EnhancerBySpringCGLIB$$378c0ae7] is not eligible for getting processed by all BeanPostProcessors (for example: not eligible for auto-proxying)
06-26-2017 11:35:14 INFO  - o.s.b.c.e.t.TomcatEmbeddedServletContainer - Tomcat initialized with port(s): 8080 (http)
06-26-2017 11:35:14 INFO  - o.a.c.c.StandardService - Starting service Tomcat
06-26-2017 11:35:14 INFO  - o.a.c.c.StandardEngine - Starting Servlet Engine: Apache Tomcat/8.5.11
06-26-2017 11:35:14 INFO  - o.a.c.c.C.[.[.[/simpleadserver] - Initializing Spring embedded WebApplicationContext
06-26-2017 11:35:14 INFO  - o.s.w.c.ContextLoader - Root WebApplicationContext: initialization completed in 937 ms
06-26-2017 11:35:15 INFO  - o.s.b.w.s.ServletRegistrationBean - Mapping servlet: 'dispatcherServlet' to [/]
06-26-2017 11:35:15 INFO  - o.s.b.w.s.FilterRegistrationBean - Mapping filter: 'characterEncodingFilter' to: [/*]
06-26-2017 11:35:15 INFO  - o.s.b.w.s.FilterRegistrationBean - Mapping filter: 'hiddenHttpMethodFilter' to: [/*]
06-26-2017 11:35:15 INFO  - o.s.b.w.s.FilterRegistrationBean - Mapping filter: 'httpPutFormContentFilter' to: [/*]
06-26-2017 11:35:15 INFO  - o.s.b.w.s.FilterRegistrationBean - Mapping filter: 'requestContextFilter' to: [/*]
06-26-2017 11:35:15 INFO  - o.s.j.d.DriverManagerDataSource - Loaded JDBC driver: org.hsqldb.jdbcDriver
06-26-2017 11:35:15 INFO  - o.s.w.s.m.m.a.RequestMappingHandlerAdapter - Looking for @ControllerAdvice: org.springframework.boot.context.embedded.AnnotationConfigEmbeddedWebApplicationContext@58134517: startup date [Mon Jun 26 23:35:13 EDT 2017]; root of context hierarchy
06-26-2017 11:35:15 INFO  - o.s.w.s.m.m.a.RequestMappingHandlerMapping - Mapped "{[/ad],methods=[POST]}" onto public org.springframework.http.ResponseEntity<java.lang.String> com.comcast.simpleadserver.controller.SimpleAdServerController.postAdCampaign(com.comcast.simpleadserver.model.AdCampaign)
06-26-2017 11:35:15 INFO  - o.s.w.s.m.m.a.RequestMappingHandlerMapping - Mapped "{[/{partnerId}],methods=[GET]}" onto public org.springframework.http.ResponseEntity<?> com.comcast.simpleadserver.controller.SimpleAdServerController.getAdCampaign(java.lang.String) throws com.fasterxml.jackson.core.JsonProcessingException
06-26-2017 11:35:15 INFO  - o.s.w.s.m.m.a.RequestMappingHandlerMapping - Mapped "{[/error]}" onto public org.springframework.http.ResponseEntity<java.util.Map<java.lang.String, java.lang.Object>> org.springframework.boot.autoconfigure.web.BasicErrorController.error(javax.servlet.http.HttpServletRequest)
06-26-2017 11:35:15 INFO  - o.s.w.s.m.m.a.RequestMappingHandlerMapping - Mapped "{[/error],produces=[text/html]}" onto public org.springframework.web.servlet.ModelAndView org.springframework.boot.autoconfigure.web.BasicErrorController.errorHtml(javax.servlet.http.HttpServletRequest,javax.servlet.http.HttpServletResponse)
06-26-2017 11:35:15 INFO  - o.s.w.s.h.SimpleUrlHandlerMapping - Mapped URL path [/webjars/**] onto handler of type [class org.springframework.web.servlet.resource.ResourceHttpRequestHandler]
06-26-2017 11:35:15 INFO  - o.s.w.s.h.SimpleUrlHandlerMapping - Mapped URL path [/**] onto handler of type [class org.springframework.web.servlet.resource.ResourceHttpRequestHandler]
06-26-2017 11:35:15 INFO  - o.s.w.s.h.SimpleUrlHandlerMapping - Mapped URL path [/**/favicon.ico] onto handler of type [class org.springframework.web.servlet.resource.ResourceHttpRequestHandler]
06-26-2017 11:35:15 INFO  - o.s.j.d.e.EmbeddedDatabaseFactory - Starting embedded database: url='jdbc:hsqldb:mem:testdb', username='sa'
06-26-2017 11:35:15 INFO  - o.s.j.e.a.AnnotationMBeanExporter - Registering beans for JMX exposure on startup
06-26-2017 11:35:15 INFO  - o.a.c.h.Http11NioProtocol - Initializing ProtocolHandler ["http-nio-8080"]
06-26-2017 11:35:15 INFO  - o.a.c.h.Http11NioProtocol - Starting ProtocolHandler [http-nio-8080]
06-26-2017 11:35:15 INFO  - o.a.t.u.n.NioSelectorPool - Using a shared selector for servlet write/read
06-26-2017 11:35:15 INFO  - o.s.b.c.e.t.TomcatEmbeddedServletContainer - Tomcat started on port(s): 8080 (http)
06-26-2017 11:35:15 INFO  - c.c.s.m.SimpleAdServerApplication - Started SimpleAdServerApplication in 2.34 seconds (JVM running for 2.648)
06-26-2017 11:35:23 INFO  - o.s.b.c.e.AnnotationConfigEmbeddedWebApplicationContext - Closing org.springframework.boot.context.embedded.AnnotationConfigEmbeddedWebApplicationContext@58134517: startup date [Mon Jun 26 23:35:13 EDT 2017]; root of context hierarchy
06-26-2017 11:35:23 INFO  - o.s.j.d.e.EmbeddedDatabaseFactory - Shutting down embedded database: url='jdbc:hsqldb:mem:testdb'
06-26-2017 11:35:23 INFO  - o.s.j.e.a.AnnotationMBeanExporter - Unregistering JMX-exposed beans on shutdown
06-26-2017 11:38:08 INFO  - c.c.s.m.SimpleAdServerApplication - Starting SimpleAdServerApplication on midway.fios-router.home with PID 5510 (/Users/nithya/Documents/workspace/simple-ad-server/target/classes started by nithya in /Users/nithya/Documents/workspace/simple-ad-server)
06-26-2017 11:38:08 INFO  - c.c.s.m.SimpleAdServerApplication - No active profile set, falling back to default profiles: default
06-26-2017 11:38:08 INFO  - o.s.b.c.e.AnnotationConfigEmbeddedWebApplicationContext - Refreshing org.springframework.boot.context.embedded.AnnotationConfigEmbeddedWebApplicationContext@6b53e23f: startup date [Mon Jun 26 23:38:08 EDT 2017]; root of context hierarchy
06-26-2017 11:38:09 INFO  - o.h.v.i.u.Version    - HV000001: Hibernate Validator 5.3.4.Final
06-26-2017 11:38:09 INFO  - o.s.c.s.PostProcessorRegistrationDelegate$BeanPostProcessorChecker - Bean 'org.springframework.transaction.annotation.ProxyTransactionManagementConfiguration' of type [org.springframework.transaction.annotation.ProxyTransactionManagementConfiguration$$EnhancerBySpringCGLIB$$8fa86ae8] is not eligible for getting processed by all BeanPostProcessors (for example: not eligible for auto-proxying)
06-26-2017 11:38:09 INFO  - o.s.b.c.e.t.TomcatEmbeddedServletContainer - Tomcat initialized with port(s): 8080 (http)
06-26-2017 11:38:09 INFO  - o.a.c.c.StandardService - Starting service Tomcat
06-26-2017 11:38:09 INFO  - o.a.c.c.StandardEngine - Starting Servlet Engine: Apache Tomcat/8.5.11
06-26-2017 11:38:09 INFO  - o.a.c.c.C.[.[.[/simpleadserver] - Initializing Spring embedded WebApplicationContext
06-26-2017 11:38:09 INFO  - o.s.w.c.ContextLoader - Root WebApplicationContext: initialization completed in 989 ms
06-26-2017 11:38:10 INFO  - o.s.b.w.s.ServletRegistrationBean - Mapping servlet: 'dispatcherServlet' to [/]
06-26-2017 11:38:10 INFO  - o.s.b.w.s.FilterRegistrationBean - Mapping filter: 'characterEncodingFilter' to: [/*]
06-26-2017 11:38:10 INFO  - o.s.b.w.s.FilterRegistrationBean - Mapping filter: 'hiddenHttpMethodFilter' to: [/*]
06-26-2017 11:38:10 INFO  - o.s.b.w.s.FilterRegistrationBean - Mapping filter: 'httpPutFormContentFilter' to: [/*]
06-26-2017 11:38:10 INFO  - o.s.b.w.s.FilterRegistrationBean - Mapping filter: 'requestContextFilter' to: [/*]
06-26-2017 11:38:10 INFO  - o.s.j.d.DriverManagerDataSource - Loaded JDBC driver: org.hsqldb.jdbcDriver
06-26-2017 11:38:10 INFO  - o.s.w.s.m.m.a.RequestMappingHandlerAdapter - Looking for @ControllerAdvice: org.springframework.boot.context.embedded.AnnotationConfigEmbeddedWebApplicationContext@6b53e23f: startup date [Mon Jun 26 23:38:08 EDT 2017]; root of context hierarchy
06-26-2017 11:38:10 INFO  - o.s.w.s.m.m.a.RequestMappingHandlerMapping - Mapped "{[/ad],methods=[POST]}" onto public org.springframework.http.ResponseEntity<java.lang.String> com.comcast.simpleadserver.controller.SimpleAdServerController.postAdCampaign(com.comcast.simpleadserver.model.AdCampaign)
06-26-2017 11:38:10 INFO  - o.s.w.s.m.m.a.RequestMappingHandlerMapping - Mapped "{[/{partnerId}],methods=[GET]}" onto public org.springframework.http.ResponseEntity<?> com.comcast.simpleadserver.controller.SimpleAdServerController.getAdCampaign(java.lang.String) throws com.fasterxml.jackson.core.JsonProcessingException
06-26-2017 11:38:10 INFO  - o.s.w.s.m.m.a.RequestMappingHandlerMapping - Mapped "{[/error]}" onto public org.springframework.http.ResponseEntity<java.util.Map<java.lang.String, java.lang.Object>> org.springframework.boot.autoconfigure.web.BasicErrorController.error(javax.servlet.http.HttpServletRequest)
06-26-2017 11:38:10 INFO  - o.s.w.s.m.m.a.RequestMappingHandlerMapping - Mapped "{[/error],produces=[text/html]}" onto public org.springframework.web.servlet.ModelAndView org.springframework.boot.autoconfigure.web.BasicErrorController.errorHtml(javax.servlet.http.HttpServletRequest,javax.servlet.http.HttpServletResponse)
06-26-2017 11:38:10 INFO  - o.s.w.s.h.SimpleUrlHandlerMapping - Mapped URL path [/webjars/**] onto handler of type [class org.springframework.web.servlet.resource.ResourceHttpRequestHandler]
06-26-2017 11:38:10 INFO  - o.s.w.s.h.SimpleUrlHandlerMapping - Mapped URL path [/**] onto handler of type [class org.springframework.web.servlet.resource.ResourceHttpRequestHandler]
06-26-2017 11:38:10 INFO  - o.s.w.s.h.SimpleUrlHandlerMapping - Mapped URL path [/**/favicon.ico] onto handler of type [class org.springframework.web.servlet.resource.ResourceHttpRequestHandler]
06-26-2017 11:38:10 INFO  - o.s.j.d.e.EmbeddedDatabaseFactory - Starting embedded database: url='jdbc:hsqldb:mem:testdb', username='sa'
06-26-2017 11:38:10 INFO  - o.s.j.e.a.AnnotationMBeanExporter - Registering beans for JMX exposure on startup
06-26-2017 11:38:10 INFO  - o.a.c.h.Http11NioProtocol - Initializing ProtocolHandler ["http-nio-8080"]
06-26-2017 11:38:10 INFO  - o.a.c.h.Http11NioProtocol - Starting ProtocolHandler [http-nio-8080]
06-26-2017 11:38:10 INFO  - o.a.t.u.n.NioSelectorPool - Using a shared selector for servlet write/read
06-26-2017 11:38:10 INFO  - o.s.b.c.e.t.TomcatEmbeddedServletContainer - Tomcat started on port(s): 8080 (http)
06-26-2017 11:38:10 INFO  - c.c.s.m.SimpleAdServerApplication - Started SimpleAdServerApplication in 2.196 seconds (JVM running for 2.519)
06-26-2017 11:38:21 INFO  - o.a.c.c.C.[.[.[/simpleadserver] - Initializing Spring FrameworkServlet 'dispatcherServlet'
06-26-2017 11:38:21 INFO  - o.s.w.s.DispatcherServlet - FrameworkServlet 'dispatcherServlet': initialization started
06-26-2017 11:38:21 INFO  - o.s.w.s.DispatcherServlet - FrameworkServlet 'dispatcherServlet': initialization completed in 10 ms
06-26-2017 11:47:20 INFO  - o.s.b.c.e.AnnotationConfigEmbeddedWebApplicationContext - Closing org.springframework.boot.context.embedded.AnnotationConfigEmbeddedWebApplicationContext@6b53e23f: startup date [Mon Jun 26 23:38:08 EDT 2017]; root of context hierarchy
06-26-2017 11:47:20 INFO  - o.s.j.d.e.EmbeddedDatabaseFactory - Shutting down embedded database: url='jdbc:hsqldb:mem:testdb'
06-26-2017 11:47:20 INFO  - o.s.j.e.a.AnnotationMBeanExporter - Unregistering JMX-exposed beans on shutdown
06-28-2017 10:49:19 INFO  - o.s.b.t.c.SpringBootTestContextBootstrapper - Neither @ContextConfiguration nor @ContextHierarchy found for test class [com.comcast.simpleadserver.controller.SimpleAdServerControllerIntegrationTest], using SpringBootContextLoader
06-28-2017 10:49:19 INFO  - o.s.t.c.s.AbstractContextLoader - Could not detect default resource locations for test class [com.comcast.simpleadserver.controller.SimpleAdServerControllerIntegrationTest]: no resource found for suffixes {-context.xml, Context.groovy}.
06-28-2017 10:49:19 INFO  - o.s.b.t.c.SpringBootTestContextBootstrapper - Loaded default TestExecutionListener class names from location [META-INF/spring.factories]: [org.springframework.boot.test.mock.mockito.MockitoTestExecutionListener, org.springframework.boot.test.mock.mockito.ResetMocksTestExecutionListener, org.springframework.boot.test.autoconfigure.restdocs.RestDocsTestExecutionListener, org.springframework.boot.test.autoconfigure.web.client.MockRestServiceServerResetTestExecutionListener, org.springframework.boot.test.autoconfigure.web.servlet.MockMvcPrintOnlyOnFailureTestExecutionListener, org.springframework.boot.test.autoconfigure.web.servlet.WebDriverTestExecutionListener, org.springframework.test.context.web.ServletTestExecutionListener, org.springframework.test.context.support.DirtiesContextBeforeModesTestExecutionListener, org.springframework.test.context.support.DependencyInjectionTestExecutionListener, org.springframework.test.context.support.DirtiesContextTestExecutionListener, org.springframework.test.context.transaction.TransactionalTestExecutionListener, org.springframework.test.context.jdbc.SqlScriptsTestExecutionListener]
06-28-2017 10:49:19 INFO  - o.s.b.t.c.SpringBootTestContextBootstrapper - Using TestExecutionListeners: [org.springframework.test.context.web.ServletTestExecutionListener@282003e1, org.springframework.test.context.support.DirtiesContextBeforeModesTestExecutionListener@7fad8c79, org.springframework.boot.test.autoconfigure.SpringBootDependencyInjectionTestExecutionListener@71a794e5, org.springframework.test.context.support.DirtiesContextTestExecutionListener@76329302, org.springframework.test.context.transaction.TransactionalTestExecutionListener@5e25a92e, org.springframework.test.context.jdbc.SqlScriptsTestExecutionListener@4df828d7, org.springframework.boot.test.mock.mockito.ResetMocksTestExecutionListener@b59d31, org.springframework.boot.test.autoconfigure.restdocs.RestDocsTestExecutionListener@62fdb4a6, org.springframework.boot.test.autoconfigure.web.servlet.WebDriverTestExecutionListener@11e21d0e, org.springframework.boot.test.autoconfigure.web.servlet.MockMvcPrintOnlyOnFailureTestExecutionListener@1dd02175, org.springframework.boot.test.mock.mockito.MockitoTestExecutionListener@31206beb, org.springframework.boot.test.autoconfigure.web.client.MockRestServiceServerResetTestExecutionListener@3e77a1ed]
06-28-2017 10:49:20 INFO  - c.c.s.c.SimpleAdServerControllerIntegrationTest - Starting SimpleAdServerControllerIntegrationTest on midway.local with PID 8274 (started by nithya in /Users/nithya/Documents/workspace/simple-ad-server)
06-28-2017 10:49:20 INFO  - c.c.s.c.SimpleAdServerControllerIntegrationTest - No active profile set, falling back to default profiles: default
06-28-2017 10:49:20 INFO  - o.s.b.c.e.AnnotationConfigEmbeddedWebApplicationContext - Refreshing org.springframework.boot.context.embedded.AnnotationConfigEmbeddedWebApplicationContext@4f80542f: startup date [Wed Jun 28 22:49:20 EDT 2017]; root of context hierarchy
06-28-2017 10:49:20 INFO  - o.h.v.i.u.Version    - HV000001: Hibernate Validator 5.3.4.Final
06-28-2017 10:49:21 INFO  - o.s.c.s.PostProcessorRegistrationDelegate$BeanPostProcessorChecker - Bean 'org.springframework.transaction.annotation.ProxyTransactionManagementConfiguration' of type [org.springframework.transaction.annotation.ProxyTransactionManagementConfiguration$$EnhancerBySpringCGLIB$$93d5e69c] is not eligible for getting processed by all BeanPostProcessors (for example: not eligible for auto-proxying)
06-28-2017 10:49:21 INFO  - o.s.b.c.e.t.TomcatEmbeddedServletContainer - Tomcat initialized with port(s): 0 (http)
06-28-2017 10:49:21 INFO  - o.a.c.c.StandardService - Starting service Tomcat
06-28-2017 10:49:21 INFO  - o.a.c.c.StandardEngine - Starting Servlet Engine: Apache Tomcat/8.5.11
06-28-2017 10:49:21 INFO  - o.a.c.c.C.[.[.[/simpleadserver] - Initializing Spring embedded WebApplicationContext
06-28-2017 10:49:21 INFO  - o.s.w.c.ContextLoader - Root WebApplicationContext: initialization completed in 1101 ms
06-28-2017 10:49:21 INFO  - o.s.b.w.s.ServletRegistrationBean - Mapping servlet: 'dispatcherServlet' to [/]
06-28-2017 10:49:21 INFO  - o.s.b.w.s.FilterRegistrationBean - Mapping filter: 'characterEncodingFilter' to: [/*]
06-28-2017 10:49:21 INFO  - o.s.b.w.s.FilterRegistrationBean - Mapping filter: 'hiddenHttpMethodFilter' to: [/*]
06-28-2017 10:49:21 INFO  - o.s.b.w.s.FilterRegistrationBean - Mapping filter: 'httpPutFormContentFilter' to: [/*]
06-28-2017 10:49:21 INFO  - o.s.b.w.s.FilterRegistrationBean - Mapping filter: 'requestContextFilter' to: [/*]
06-28-2017 10:49:22 INFO  - o.s.j.d.DriverManagerDataSource - Loaded JDBC driver: org.hsqldb.jdbcDriver
06-28-2017 10:49:22 INFO  - o.s.w.s.m.m.a.RequestMappingHandlerAdapter - Looking for @ControllerAdvice: org.springframework.boot.context.embedded.AnnotationConfigEmbeddedWebApplicationContext@4f80542f: startup date [Wed Jun 28 22:49:20 EDT 2017]; root of context hierarchy
06-28-2017 10:49:22 INFO  - o.s.w.s.m.m.a.RequestMappingHandlerMapping - Mapped "{[/ad],methods=[POST]}" onto public org.springframework.http.ResponseEntity<java.lang.String> com.comcast.simpleadserver.controller.SimpleAdServerController.postAdCampaign(com.comcast.simpleadserver.model.AdCampaign)
06-28-2017 10:49:22 INFO  - o.s.w.s.m.m.a.RequestMappingHandlerMapping - Mapped "{[/{partnerId}],methods=[GET]}" onto public org.springframework.http.ResponseEntity<java.lang.String> com.comcast.simpleadserver.controller.SimpleAdServerController.getAdCampaign(java.lang.String) throws com.fasterxml.jackson.core.JsonProcessingException
06-28-2017 10:49:22 INFO  - o.s.w.s.m.m.a.RequestMappingHandlerMapping - Mapped "{[/error]}" onto public org.springframework.http.ResponseEntity<java.util.Map<java.lang.String, java.lang.Object>> org.springframework.boot.autoconfigure.web.BasicErrorController.error(javax.servlet.http.HttpServletRequest)
06-28-2017 10:49:22 INFO  - o.s.w.s.m.m.a.RequestMappingHandlerMapping - Mapped "{[/error],produces=[text/html]}" onto public org.springframework.web.servlet.ModelAndView org.springframework.boot.autoconfigure.web.BasicErrorController.errorHtml(javax.servlet.http.HttpServletRequest,javax.servlet.http.HttpServletResponse)
06-28-2017 10:49:22 INFO  - o.s.w.s.h.SimpleUrlHandlerMapping - Mapped URL path [/webjars/**] onto handler of type [class org.springframework.web.servlet.resource.ResourceHttpRequestHandler]
06-28-2017 10:49:22 INFO  - o.s.w.s.h.SimpleUrlHandlerMapping - Mapped URL path [/**] onto handler of type [class org.springframework.web.servlet.resource.ResourceHttpRequestHandler]
06-28-2017 10:49:22 INFO  - o.s.w.s.h.SimpleUrlHandlerMapping - Mapped URL path [/**/favicon.ico] onto handler of type [class org.springframework.web.servlet.resource.ResourceHttpRequestHandler]
06-28-2017 10:49:22 INFO  - o.s.j.d.e.EmbeddedDatabaseFactory - Starting embedded database: url='jdbc:hsqldb:mem:testdb', username='sa'
06-28-2017 10:49:22 INFO  - o.a.c.h.Http11NioProtocol - Initializing ProtocolHandler ["http-nio-auto-1"]
06-28-2017 10:49:22 INFO  - o.a.c.h.Http11NioProtocol - Starting ProtocolHandler [http-nio-auto-1]
06-28-2017 10:49:22 INFO  - o.a.t.u.n.NioSelectorPool - Using a shared selector for servlet write/read
06-28-2017 10:49:22 INFO  - o.s.b.c.e.t.TomcatEmbeddedServletContainer - Tomcat started on port(s): 55044 (http)
06-28-2017 10:49:22 INFO  - c.c.s.c.SimpleAdServerControllerIntegrationTest - Started SimpleAdServerControllerIntegrationTest in 2.695 seconds (JVM running for 3.637)
06-28-2017 10:49:23 INFO  - o.a.c.c.C.[.[.[/simpleadserver] - Initializing Spring FrameworkServlet 'dispatcherServlet'
06-28-2017 10:49:23 INFO  - o.s.w.s.DispatcherServlet - FrameworkServlet 'dispatcherServlet': initialization started
06-28-2017 10:49:23 INFO  - o.s.w.s.DispatcherServlet - FrameworkServlet 'dispatcherServlet': initialization completed in 12 ms
06-28-2017 10:49:23 INFO  - c.c.s.c.SimpleAdServerController - There is an Existing Ad Campaign
06-28-2017 10:49:23 INFO  - c.c.s.c.SimpleAdServerController - This AdCampaign already exists
06-28-2017 10:50:23 INFO  - c.c.s.c.SimpleAdServerController - Ad Campaign Expired
06-28-2017 10:50:23 INFO  - c.c.s.c.SimpleAdServerController - There is an Existing Ad Campaign
06-28-2017 10:50:23 INFO  - o.s.b.c.e.AnnotationConfigEmbeddedWebApplicationContext - Closing org.springframework.boot.context.embedded.AnnotationConfigEmbeddedWebApplicationContext@4f80542f: startup date [Wed Jun 28 22:49:20 EDT 2017]; root of context hierarchy
06-28-2017 10:50:23 INFO  - o.s.j.d.e.EmbeddedDatabaseFactory - Shutting down embedded database: url='jdbc:hsqldb:mem:testdb'
06-28-2017 10:50:32 INFO  - o.s.t.w.s.s.StandaloneMockMvcBuilder$StaticRequestMappingHandlerMapping - Mapped "{[/ad],methods=[POST]}" onto public org.springframework.http.ResponseEntity<java.lang.String> com.comcast.simpleadserver.controller.SimpleAdServerController.postAdCampaign(com.comcast.simpleadserver.model.AdCampaign)
06-28-2017 10:50:32 INFO  - o.s.t.w.s.s.StandaloneMockMvcBuilder$StaticRequestMappingHandlerMapping - Mapped "{[/{partnerId}],methods=[GET]}" onto public org.springframework.http.ResponseEntity<java.lang.String> com.comcast.simpleadserver.controller.SimpleAdServerController.getAdCampaign(java.lang.String) throws com.fasterxml.jackson.core.JsonProcessingException
06-28-2017 10:50:32 INFO  - o.h.v.i.u.Version    - HV000001: Hibernate Validator 5.3.4.Final
06-28-2017 10:50:32 INFO  - o.s.w.s.m.m.a.RequestMappingHandlerAdapter - Looking for @ControllerAdvice: org.springframework.test.web.servlet.setup.StubWebApplicationContext@59309333
06-28-2017 10:50:33 INFO  - o.s.m.w.MockServletContext - Initializing Spring FrameworkServlet ''
06-28-2017 10:50:33 INFO  - o.s.t.w.s.TestDispatcherServlet - FrameworkServlet '': initialization started
06-28-2017 10:50:33 INFO  - o.s.t.w.s.TestDispatcherServlet - FrameworkServlet '': initialization completed in 2 ms
06-28-2017 10:50:33 INFO  - c.c.s.c.SimpleAdServerController - Ad Campaign Expired
06-28-2017 10:50:33 INFO  - o.s.t.w.s.s.StandaloneMockMvcBuilder$StaticRequestMappingHandlerMapping - Mapped "{[/ad],methods=[POST]}" onto public org.springframework.http.ResponseEntity<java.lang.String> com.comcast.simpleadserver.controller.SimpleAdServerController.postAdCampaign(com.comcast.simpleadserver.model.AdCampaign)
06-28-2017 10:50:33 INFO  - o.s.t.w.s.s.StandaloneMockMvcBuilder$StaticRequestMappingHandlerMapping - Mapped "{[/{partnerId}],methods=[GET]}" onto public org.springframework.http.ResponseEntity<java.lang.String> com.comcast.simpleadserver.controller.SimpleAdServerController.getAdCampaign(java.lang.String) throws com.fasterxml.jackson.core.JsonProcessingException
06-28-2017 10:50:33 INFO  - o.s.w.s.m.m.a.RequestMappingHandlerAdapter - Looking for @ControllerAdvice: org.springframework.test.web.servlet.setup.StubWebApplicationContext@15dcfae7
06-28-2017 10:50:33 INFO  - o.s.m.w.MockServletContext - Initializing Spring FrameworkServlet ''
06-28-2017 10:50:33 INFO  - o.s.t.w.s.TestDispatcherServlet - FrameworkServlet '': initialization started
06-28-2017 10:50:33 INFO  - o.s.t.w.s.TestDispatcherServlet - FrameworkServlet '': initialization completed in 0 ms
06-28-2017 10:50:33 INFO  - c.c.s.c.SimpleAdServerController - There is an Existing Ad Campaign
06-28-2017 10:50:33 INFO  - o.s.t.w.s.s.StandaloneMockMvcBuilder$StaticRequestMappingHandlerMapping - Mapped "{[/ad],methods=[POST]}" onto public org.springframework.http.ResponseEntity<java.lang.String> com.comcast.simpleadserver.controller.SimpleAdServerController.postAdCampaign(com.comcast.simpleadserver.model.AdCampaign)
06-28-2017 10:50:33 INFO  - o.s.t.w.s.s.StandaloneMockMvcBuilder$StaticRequestMappingHandlerMapping - Mapped "{[/{partnerId}],methods=[GET]}" onto public org.springframework.http.ResponseEntity<java.lang.String> com.comcast.simpleadserver.controller.SimpleAdServerController.getAdCampaign(java.lang.String) throws com.fasterxml.jackson.core.JsonProcessingException
06-28-2017 10:50:33 INFO  - o.s.w.s.m.m.a.RequestMappingHandlerAdapter - Looking for @ControllerAdvice: org.springframework.test.web.servlet.setup.StubWebApplicationContext@1b765a2c
06-28-2017 10:50:33 INFO  - o.s.m.w.MockServletContext - Initializing Spring FrameworkServlet ''
06-28-2017 10:50:33 INFO  - o.s.t.w.s.TestDispatcherServlet - FrameworkServlet '': initialization started
06-28-2017 10:50:33 INFO  - o.s.t.w.s.TestDispatcherServlet - FrameworkServlet '': initialization completed in 0 ms
06-28-2017 10:50:33 INFO  - o.s.t.w.s.s.StandaloneMockMvcBuilder$StaticRequestMappingHandlerMapping - Mapped "{[/ad],methods=[POST]}" onto public org.springframework.http.ResponseEntity<java.lang.String> com.comcast.simpleadserver.controller.SimpleAdServerController.postAdCampaign(com.comcast.simpleadserver.model.AdCampaign)
06-28-2017 10:50:33 INFO  - o.s.t.w.s.s.StandaloneMockMvcBuilder$StaticRequestMappingHandlerMapping - Mapped "{[/{partnerId}],methods=[GET]}" onto public org.springframework.http.ResponseEntity<java.lang.String> com.comcast.simpleadserver.controller.SimpleAdServerController.getAdCampaign(java.lang.String) throws com.fasterxml.jackson.core.JsonProcessingException
06-28-2017 10:50:33 INFO  - o.s.w.s.m.m.a.RequestMappingHandlerAdapter - Looking for @ControllerAdvice: org.springframework.test.web.servlet.setup.StubWebApplicationContext@6492fab5
06-28-2017 10:50:33 INFO  - o.s.m.w.MockServletContext - Initializing Spring FrameworkServlet ''
06-28-2017 10:50:33 INFO  - o.s.t.w.s.TestDispatcherServlet - FrameworkServlet '': initialization started
06-28-2017 10:50:33 INFO  - o.s.t.w.s.TestDispatcherServlet - FrameworkServlet '': initialization completed in 0 ms
06-28-2017 10:50:33 INFO  - o.s.t.w.s.s.StandaloneMockMvcBuilder$StaticRequestMappingHandlerMapping - Mapped "{[/ad],methods=[POST]}" onto public org.springframework.http.ResponseEntity<java.lang.String> com.comcast.simpleadserver.controller.SimpleAdServerController.postAdCampaign(com.comcast.simpleadserver.model.AdCampaign)
06-28-2017 10:50:33 INFO  - o.s.t.w.s.s.StandaloneMockMvcBuilder$StaticRequestMappingHandlerMapping - Mapped "{[/{partnerId}],methods=[GET]}" onto public org.springframework.http.ResponseEntity<java.lang.String> com.comcast.simpleadserver.controller.SimpleAdServerController.getAdCampaign(java.lang.String) throws com.fasterxml.jackson.core.JsonProcessingException
06-28-2017 10:50:33 INFO  - o.s.w.s.m.m.a.RequestMappingHandlerAdapter - Looking for @ControllerAdvice: org.springframework.test.web.servlet.setup.StubWebApplicationContext@5cdd09b1
06-28-2017 10:50:33 INFO  - o.s.m.w.MockServletContext - Initializing Spring FrameworkServlet ''
06-28-2017 10:50:33 INFO  - o.s.t.w.s.TestDispatcherServlet - FrameworkServlet '': initialization started
06-28-2017 10:50:33 INFO  - o.s.t.w.s.TestDispatcherServlet - FrameworkServlet '': initialization completed in 1 ms
06-28-2017 10:50:33 INFO  - o.s.t.w.s.s.StandaloneMockMvcBuilder$StaticRequestMappingHandlerMapping - Mapped "{[/ad],methods=[POST]}" onto public org.springframework.http.ResponseEntity<java.lang.String> com.comcast.simpleadserver.controller.SimpleAdServerController.postAdCampaign(com.comcast.simpleadserver.model.AdCampaign)
06-28-2017 10:50:33 INFO  - o.s.t.w.s.s.StandaloneMockMvcBuilder$StaticRequestMappingHandlerMapping - Mapped "{[/{partnerId}],methods=[GET]}" onto public org.springframework.http.ResponseEntity<java.lang.String> com.comcast.simpleadserver.controller.SimpleAdServerController.getAdCampaign(java.lang.String) throws com.fasterxml.jackson.core.JsonProcessingException
06-28-2017 10:50:33 INFO  - o.s.w.s.m.m.a.RequestMappingHandlerAdapter - Looking for @ControllerAdvice: org.springframework.test.web.servlet.setup.StubWebApplicationContext@4cf8b2dc
06-28-2017 10:50:33 INFO  - o.s.m.w.MockServletContext - Initializing Spring FrameworkServlet ''
06-28-2017 10:50:33 INFO  - o.s.t.w.s.TestDispatcherServlet - FrameworkServlet '': initialization started
06-28-2017 10:50:33 INFO  - o.s.t.w.s.TestDispatcherServlet - FrameworkServlet '': initialization completed in 0 ms
06-28-2017 10:50:33 INFO  - c.c.s.c.SimpleAdServerController - This AdCampaign already exists
