06-26-2017 11:47:10 INFO  - c.c.s.m.SimpleAdServerApplication - Starting SimpleAdServerApplication v1.0.0 on midway.fios-router.home with PID 5543 (/Users/nithya/Documents/workspace/simple-ad-server/target/simple-ad-server-1.0.0.jar started by nithya in /Users/nithya/Documents/workspace/simple-ad-server/target)
06-26-2017 11:47:10 INFO  - c.c.s.m.SimpleAdServerApplication - No active profile set, falling back to default profiles: default
06-26-2017 11:47:10 INFO  - o.s.b.c.e.AnnotationConfigEmbeddedWebApplicationContext - Refreshing org.springframework.boot.context.embedded.AnnotationConfigEmbeddedWebApplicationContext@14514713: startup date [Mon Jun 26 23:47:10 EDT 2017]; root of context hierarchy
06-26-2017 11:47:10 INFO  - o.h.v.i.u.Version    - HV000001: Hibernate Validator 5.3.4.Final
06-26-2017 11:47:11 INFO  - o.s.c.s.PostProcessorRegistrationDelegate$BeanPostProcessorChecker - Bean 'org.springframework.transaction.annotation.ProxyTransactionManagementConfiguration' of type [org.springframework.transaction.annotation.ProxyTransactionManagementConfiguration$$EnhancerBySpringCGLIB$$8a3739cd] is not eligible for getting processed by all BeanPostProcessors (for example: not eligible for auto-proxying)
06-26-2017 11:47:11 INFO  - o.s.b.c.e.t.TomcatEmbeddedServletContainer - Tomcat initialized with port(s): 8080 (http)
06-26-2017 11:47:11 INFO  - o.a.c.c.StandardService - Starting service Tomcat
06-26-2017 11:47:11 INFO  - o.a.c.c.StandardEngine - Starting Servlet Engine: Apache Tomcat/8.5.11
06-26-2017 11:47:11 INFO  - o.a.c.c.C.[.[.[/simpleadserver] - Initializing Spring embedded WebApplicationContext
06-26-2017 11:47:11 INFO  - o.s.w.c.ContextLoader - Root WebApplicationContext: initialization completed in 1451 ms
06-26-2017 11:47:11 INFO  - o.s.b.w.s.ServletRegistrationBean - Mapping servlet: 'dispatcherServlet' to [/]
06-26-2017 11:47:11 INFO  - o.s.b.w.s.FilterRegistrationBean - Mapping filter: 'characterEncodingFilter' to: [/*]
06-26-2017 11:47:11 INFO  - o.s.b.w.s.FilterRegistrationBean - Mapping filter: 'hiddenHttpMethodFilter' to: [/*]
06-26-2017 11:47:11 INFO  - o.s.b.w.s.FilterRegistrationBean - Mapping filter: 'httpPutFormContentFilter' to: [/*]
06-26-2017 11:47:11 INFO  - o.s.b.w.s.FilterRegistrationBean - Mapping filter: 'requestContextFilter' to: [/*]
06-26-2017 11:47:11 INFO  - o.s.j.d.DriverManagerDataSource - Loaded JDBC driver: org.hsqldb.jdbcDriver
06-26-2017 11:47:12 INFO  - o.s.w.s.m.m.a.RequestMappingHandlerAdapter - Looking for @ControllerAdvice: org.springframework.boot.context.embedded.AnnotationConfigEmbeddedWebApplicationContext@14514713: startup date [Mon Jun 26 23:47:10 EDT 2017]; root of context hierarchy
06-26-2017 11:47:12 INFO  - o.s.w.s.m.m.a.RequestMappingHandlerMapping - Mapped "{[/ad],methods=[POST]}" onto public org.springframework.http.ResponseEntity<java.lang.String> com.comcast.simpleadserver.controller.SimpleAdServerController.postAdCampaign(com.comcast.simpleadserver.model.AdCampaign)
06-26-2017 11:47:12 INFO  - o.s.w.s.m.m.a.RequestMappingHandlerMapping - Mapped "{[/{partnerId}],methods=[GET]}" onto public org.springframework.http.ResponseEntity<?> com.comcast.simpleadserver.controller.SimpleAdServerController.getAdCampaign(java.lang.String) throws com.fasterxml.jackson.core.JsonProcessingException
06-26-2017 11:47:12 INFO  - o.s.w.s.m.m.a.RequestMappingHandlerMapping - Mapped "{[/error]}" onto public org.springframework.http.ResponseEntity<java.util.Map<java.lang.String, java.lang.Object>> org.springframework.boot.autoconfigure.web.BasicErrorController.error(javax.servlet.http.HttpServletRequest)
06-26-2017 11:47:12 INFO  - o.s.w.s.m.m.a.RequestMappingHandlerMapping - Mapped "{[/error],produces=[text/html]}" onto public org.springframework.web.servlet.ModelAndView org.springframework.boot.autoconfigure.web.BasicErrorController.errorHtml(javax.servlet.http.HttpServletRequest,javax.servlet.http.HttpServletResponse)
06-26-2017 11:47:12 INFO  - o.s.w.s.h.SimpleUrlHandlerMapping - Mapped URL path [/webjars/**] onto handler of type [class org.springframework.web.servlet.resource.ResourceHttpRequestHandler]
06-26-2017 11:47:12 INFO  - o.s.w.s.h.SimpleUrlHandlerMapping - Mapped URL path [/**] onto handler of type [class org.springframework.web.servlet.resource.ResourceHttpRequestHandler]
06-26-2017 11:47:12 INFO  - o.s.w.s.h.SimpleUrlHandlerMapping - Mapped URL path [/**/favicon.ico] onto handler of type [class org.springframework.web.servlet.resource.ResourceHttpRequestHandler]
06-26-2017 11:47:12 INFO  - o.s.j.d.e.EmbeddedDatabaseFactory - Starting embedded database: url='jdbc:hsqldb:mem:testdb', username='sa'
06-26-2017 11:47:12 INFO  - o.s.j.e.a.AnnotationMBeanExporter - Registering beans for JMX exposure on startup
06-26-2017 11:47:12 INFO  - o.a.c.h.Http11NioProtocol - Initializing ProtocolHandler ["http-nio-8080"]
06-26-2017 11:47:12 INFO  - o.a.c.h.Http11NioProtocol - Starting ProtocolHandler [http-nio-8080]
06-26-2017 11:47:12 ERROR - o.a.c.h.Http11NioProtocol - Failed to start end point associated with ProtocolHandler [http-nio-8080]
java.net.BindException: Address already in use
	at sun.nio.ch.Net.bind0(Native Method)
	at sun.nio.ch.Net.bind(Net.java:433)
	at sun.nio.ch.Net.bind(Net.java:425)
	at sun.nio.ch.ServerSocketChannelImpl.bind(ServerSocketChannelImpl.java:223)
	at sun.nio.ch.ServerSocketAdaptor.bind(ServerSocketAdaptor.java:74)
	at org.apache.tomcat.util.net.NioEndpoint.bind(NioEndpoint.java:210)
	at org.apache.tomcat.util.net.AbstractEndpoint.start(AbstractEndpoint.java:980)
	at org.apache.coyote.AbstractProtocol.start(AbstractProtocol.java:573)
	at org.apache.catalina.connector.Connector.startInternal(Connector.java:993)
	at org.apache.catalina.util.LifecycleBase.start(LifecycleBase.java:150)
	at org.apache.catalina.core.StandardService.addConnector(StandardService.java:225)
	at org.springframework.boot.context.embedded.tomcat.TomcatEmbeddedServletContainer.addPreviouslyRemovedConnectors(TomcatEmbeddedServletContainer.java:247)
	at org.springframework.boot.context.embedded.tomcat.TomcatEmbeddedServletContainer.start(TomcatEmbeddedServletContainer.java:190)
	at org.springframework.boot.context.embedded.EmbeddedWebApplicationContext.startEmbeddedServletContainer(EmbeddedWebApplicationContext.java:297)
	at org.springframework.boot.context.embedded.EmbeddedWebApplicationContext.finishRefresh(EmbeddedWebApplicationContext.java:145)
	at org.springframework.context.support.AbstractApplicationContext.refresh(AbstractApplicationContext.java:545)
	at org.springframework.boot.context.embedded.EmbeddedWebApplicationContext.refresh(EmbeddedWebApplicationContext.java:122)
	at org.springframework.boot.SpringApplication.refresh(SpringApplication.java:737)
	at org.springframework.boot.SpringApplication.refreshContext(SpringApplication.java:370)
	at org.springframework.boot.SpringApplication.run(SpringApplication.java:314)
	at org.springframework.boot.SpringApplication.run(SpringApplication.java:1162)
	at org.springframework.boot.SpringApplication.run(SpringApplication.java:1151)
	at com.comcast.simpleadserver.main.SimpleAdServerApplication.main(SimpleAdServerApplication.java:16)
	at sun.reflect.NativeMethodAccessorImpl.invoke0(Native Method)
	at sun.reflect.NativeMethodAccessorImpl.invoke(NativeMethodAccessorImpl.java:62)
	at sun.reflect.DelegatingMethodAccessorImpl.invoke(DelegatingMethodAccessorImpl.java:43)
	at java.lang.reflect.Method.invoke(Method.java:498)
	at org.springframework.boot.loader.MainMethodRunner.run(MainMethodRunner.java:48)
	at org.springframework.boot.loader.Launcher.launch(Launcher.java:87)
	at org.springframework.boot.loader.Launcher.launch(Launcher.java:50)
	at org.springframework.boot.loader.JarLauncher.main(JarLauncher.java:51)
06-26-2017 11:47:12 ERROR - o.a.c.c.StandardService - Failed to start connector [Connector[HTTP/1.1-8080]]
org.apache.catalina.LifecycleException: Failed to start component [Connector[HTTP/1.1-8080]]
	at org.apache.catalina.util.LifecycleBase.start(LifecycleBase.java:167)
	at org.apache.catalina.core.StandardService.addConnector(StandardService.java:225)
	at org.springframework.boot.context.embedded.tomcat.TomcatEmbeddedServletContainer.addPreviouslyRemovedConnectors(TomcatEmbeddedServletContainer.java:247)
	at org.springframework.boot.context.embedded.tomcat.TomcatEmbeddedServletContainer.start(TomcatEmbeddedServletContainer.java:190)
	at org.springframework.boot.context.embedded.EmbeddedWebApplicationContext.startEmbeddedServletContainer(EmbeddedWebApplicationContext.java:297)
	at org.springframework.boot.context.embedded.EmbeddedWebApplicationContext.finishRefresh(EmbeddedWebApplicationContext.java:145)
	at org.springframework.context.support.AbstractApplicationContext.refresh(AbstractApplicationContext.java:545)
	at org.springframework.boot.context.embedded.EmbeddedWebApplicationContext.refresh(EmbeddedWebApplicationContext.java:122)
	at org.springframework.boot.SpringApplication.refresh(SpringApplication.java:737)
	at org.springframework.boot.SpringApplication.refreshContext(SpringApplication.java:370)
	at org.springframework.boot.SpringApplication.run(SpringApplication.java:314)
	at org.springframework.boot.SpringApplication.run(SpringApplication.java:1162)
	at org.springframework.boot.SpringApplication.run(SpringApplication.java:1151)
	at com.comcast.simpleadserver.main.SimpleAdServerApplication.main(SimpleAdServerApplication.java:16)
	at sun.reflect.NativeMethodAccessorImpl.invoke0(Native Method)
	at sun.reflect.NativeMethodAccessorImpl.invoke(NativeMethodAccessorImpl.java:62)
	at sun.reflect.DelegatingMethodAccessorImpl.invoke(DelegatingMethodAccessorImpl.java:43)
	at java.lang.reflect.Method.invoke(Method.java:498)
	at org.springframework.boot.loader.MainMethodRunner.run(MainMethodRunner.java:48)
	at org.springframework.boot.loader.Launcher.launch(Launcher.java:87)
	at org.springframework.boot.loader.Launcher.launch(Launcher.java:50)
	at org.springframework.boot.loader.JarLauncher.main(JarLauncher.java:51)
Caused by: org.apache.catalina.LifecycleException: service.getName(): "Tomcat";  Protocol handler start failed
	at org.apache.catalina.connector.Connector.startInternal(Connector.java:1000)
	at org.apache.catalina.util.LifecycleBase.start(LifecycleBase.java:150)
	... 21 common frames omitted
Caused by: java.net.BindException: Address already in use
	at sun.nio.ch.Net.bind0(Native Method)
	at sun.nio.ch.Net.bind(Net.java:433)
	at sun.nio.ch.Net.bind(Net.java:425)
	at sun.nio.ch.ServerSocketChannelImpl.bind(ServerSocketChannelImpl.java:223)
	at sun.nio.ch.ServerSocketAdaptor.bind(ServerSocketAdaptor.java:74)
	at org.apache.tomcat.util.net.NioEndpoint.bind(NioEndpoint.java:210)
	at org.apache.tomcat.util.net.AbstractEndpoint.start(AbstractEndpoint.java:980)
	at org.apache.coyote.AbstractProtocol.start(AbstractProtocol.java:573)
	at org.apache.catalina.connector.Connector.startInternal(Connector.java:993)
	... 22 common frames omitted
06-26-2017 11:47:12 INFO  - o.a.c.h.Http11NioProtocol - Pausing ProtocolHandler ["http-nio-8080"]
06-26-2017 11:47:12 INFO  - o.a.c.c.StandardService - Stopping service Tomcat
06-26-2017 11:47:12 INFO  - o.a.c.u.LifecycleBase - The stop() method was called on component [StandardServer[-1]] after stop() had already been called. The second call will be ignored.
06-26-2017 11:47:12 INFO  - o.a.c.h.Http11NioProtocol - Stopping ProtocolHandler ["http-nio-8080"]
06-26-2017 11:47:12 INFO  - o.a.c.h.Http11NioProtocol - Destroying ProtocolHandler ["http-nio-8080"]
06-26-2017 11:47:12 INFO  - o.s.b.a.l.AutoConfigurationReportLoggingInitializer - 

Error starting ApplicationContext. To display the auto-configuration report re-run your application with 'debug' enabled.
06-26-2017 11:47:12 ERROR - o.s.b.d.LoggingFailureAnalysisReporter - 

***************************
APPLICATION FAILED TO START
***************************

Description:

The Tomcat connector configured to listen on port 8080 failed to start. The port may already be in use or the connector may be misconfigured.

Action:

Verify the connector's configuration, identify and stop any process that's listening on port 8080, or configure this application to listen on another port.

06-26-2017 11:47:12 INFO  - o.s.b.c.e.AnnotationConfigEmbeddedWebApplicationContext - Closing org.springframework.boot.context.embedded.AnnotationConfigEmbeddedWebApplicationContext@14514713: startup date [Mon Jun 26 23:47:10 EDT 2017]; root of context hierarchy
06-26-2017 11:47:12 INFO  - o.s.j.d.e.EmbeddedDatabaseFactory - Shutting down embedded database: url='jdbc:hsqldb:mem:testdb'
06-26-2017 11:47:12 INFO  - o.s.j.e.a.AnnotationMBeanExporter - Unregistering JMX-exposed beans on shutdown
06-26-2017 11:47:35 INFO  - c.c.s.m.SimpleAdServerApplication - Starting SimpleAdServerApplication v1.0.0 on midway.fios-router.home with PID 5546 (/Users/nithya/Documents/workspace/simple-ad-server/target/simple-ad-server-1.0.0.jar started by nithya in /Users/nithya/Documents/workspace/simple-ad-server/target)
06-26-2017 11:47:35 INFO  - c.c.s.m.SimpleAdServerApplication - No active profile set, falling back to default profiles: default
06-26-2017 11:47:35 INFO  - o.s.b.c.e.AnnotationConfigEmbeddedWebApplicationContext - Refreshing org.springframework.boot.context.embedded.AnnotationConfigEmbeddedWebApplicationContext@14514713: startup date [Mon Jun 26 23:47:35 EDT 2017]; root of context hierarchy
06-26-2017 11:47:35 INFO  - o.h.v.i.u.Version    - HV000001: Hibernate Validator 5.3.4.Final
06-26-2017 11:47:36 INFO  - o.s.c.s.PostProcessorRegistrationDelegate$BeanPostProcessorChecker - Bean 'org.springframework.transaction.annotation.ProxyTransactionManagementConfiguration' of type [org.springframework.transaction.annotation.ProxyTransactionManagementConfiguration$$EnhancerBySpringCGLIB$$8a3739cd] is not eligible for getting processed by all BeanPostProcessors (for example: not eligible for auto-proxying)
06-26-2017 11:47:36 INFO  - o.s.b.c.e.t.TomcatEmbeddedServletContainer - Tomcat initialized with port(s): 8080 (http)
06-26-2017 11:47:36 INFO  - o.a.c.c.StandardService - Starting service Tomcat
06-26-2017 11:47:36 INFO  - o.a.c.c.StandardEngine - Starting Servlet Engine: Apache Tomcat/8.5.11
06-26-2017 11:47:36 INFO  - o.a.c.c.C.[.[.[/simpleadserver] - Initializing Spring embedded WebApplicationContext
06-26-2017 11:47:36 INFO  - o.s.w.c.ContextLoader - Root WebApplicationContext: initialization completed in 1374 ms
06-26-2017 11:47:36 INFO  - o.s.b.w.s.ServletRegistrationBean - Mapping servlet: 'dispatcherServlet' to [/]
06-26-2017 11:47:36 INFO  - o.s.b.w.s.FilterRegistrationBean - Mapping filter: 'characterEncodingFilter' to: [/*]
06-26-2017 11:47:36 INFO  - o.s.b.w.s.FilterRegistrationBean - Mapping filter: 'hiddenHttpMethodFilter' to: [/*]
06-26-2017 11:47:36 INFO  - o.s.b.w.s.FilterRegistrationBean - Mapping filter: 'httpPutFormContentFilter' to: [/*]
06-26-2017 11:47:36 INFO  - o.s.b.w.s.FilterRegistrationBean - Mapping filter: 'requestContextFilter' to: [/*]
06-26-2017 11:47:36 INFO  - o.s.j.d.DriverManagerDataSource - Loaded JDBC driver: org.hsqldb.jdbcDriver
06-26-2017 11:47:37 INFO  - o.s.w.s.m.m.a.RequestMappingHandlerAdapter - Looking for @ControllerAdvice: org.springframework.boot.context.embedded.AnnotationConfigEmbeddedWebApplicationContext@14514713: startup date [Mon Jun 26 23:47:35 EDT 2017]; root of context hierarchy
06-26-2017 11:47:37 INFO  - o.s.w.s.m.m.a.RequestMappingHandlerMapping - Mapped "{[/ad],methods=[POST]}" onto public org.springframework.http.ResponseEntity<java.lang.String> com.comcast.simpleadserver.controller.SimpleAdServerController.postAdCampaign(com.comcast.simpleadserver.model.AdCampaign)
06-26-2017 11:47:37 INFO  - o.s.w.s.m.m.a.RequestMappingHandlerMapping - Mapped "{[/{partnerId}],methods=[GET]}" onto public org.springframework.http.ResponseEntity<?> com.comcast.simpleadserver.controller.SimpleAdServerController.getAdCampaign(java.lang.String) throws com.fasterxml.jackson.core.JsonProcessingException
06-26-2017 11:47:37 INFO  - o.s.w.s.m.m.a.RequestMappingHandlerMapping - Mapped "{[/error]}" onto public org.springframework.http.ResponseEntity<java.util.Map<java.lang.String, java.lang.Object>> org.springframework.boot.autoconfigure.web.BasicErrorController.error(javax.servlet.http.HttpServletRequest)
06-26-2017 11:47:37 INFO  - o.s.w.s.m.m.a.RequestMappingHandlerMapping - Mapped "{[/error],produces=[text/html]}" onto public org.springframework.web.servlet.ModelAndView org.springframework.boot.autoconfigure.web.BasicErrorController.errorHtml(javax.servlet.http.HttpServletRequest,javax.servlet.http.HttpServletResponse)
06-26-2017 11:47:37 INFO  - o.s.w.s.h.SimpleUrlHandlerMapping - Mapped URL path [/webjars/**] onto handler of type [class org.springframework.web.servlet.resource.ResourceHttpRequestHandler]
06-26-2017 11:47:37 INFO  - o.s.w.s.h.SimpleUrlHandlerMapping - Mapped URL path [/**] onto handler of type [class org.springframework.web.servlet.resource.ResourceHttpRequestHandler]
06-26-2017 11:47:37 INFO  - o.s.w.s.h.SimpleUrlHandlerMapping - Mapped URL path [/**/favicon.ico] onto handler of type [class org.springframework.web.servlet.resource.ResourceHttpRequestHandler]
06-26-2017 11:47:37 INFO  - o.s.j.d.e.EmbeddedDatabaseFactory - Starting embedded database: url='jdbc:hsqldb:mem:testdb', username='sa'
06-26-2017 11:47:37 INFO  - o.s.j.e.a.AnnotationMBeanExporter - Registering beans for JMX exposure on startup
06-26-2017 11:47:37 INFO  - o.a.c.h.Http11NioProtocol - Initializing ProtocolHandler ["http-nio-8080"]
06-26-2017 11:47:37 INFO  - o.a.c.h.Http11NioProtocol - Starting ProtocolHandler [http-nio-8080]
06-26-2017 11:47:37 INFO  - o.a.t.u.n.NioSelectorPool - Using a shared selector for servlet write/read
06-26-2017 11:47:37 INFO  - o.s.b.c.e.t.TomcatEmbeddedServletContainer - Tomcat started on port(s): 8080 (http)
06-26-2017 11:47:37 INFO  - c.c.s.m.SimpleAdServerApplication - Started SimpleAdServerApplication in 3.039 seconds (JVM running for 3.517)
06-26-2017 11:47:45 INFO  - o.a.c.c.C.[.[.[/simpleadserver] - Initializing Spring FrameworkServlet 'dispatcherServlet'
06-26-2017 11:47:45 INFO  - o.s.w.s.DispatcherServlet - FrameworkServlet 'dispatcherServlet': initialization started
06-26-2017 11:47:45 INFO  - o.s.w.s.DispatcherServlet - FrameworkServlet 'dispatcherServlet': initialization completed in 13 ms
06-28-2017 12:37:23 INFO  - c.c.s.m.SimpleAdServerApplication - Starting SimpleAdServerApplication v1.0.0 on midway.local with PID 7430 (/Users/nithya/Documents/workspace/simple-ad-server/target/simple-ad-server-1.0.0.jar started by nithya in /Users/nithya/Documents/workspace/simple-ad-server/target)
06-28-2017 12:37:23 INFO  - c.c.s.m.SimpleAdServerApplication - No active profile set, falling back to default profiles: default
06-28-2017 12:37:23 INFO  - o.s.b.c.e.AnnotationConfigEmbeddedWebApplicationContext - Refreshing org.springframework.boot.context.embedded.AnnotationConfigEmbeddedWebApplicationContext@14514713: startup date [Wed Jun 28 12:37:23 EDT 2017]; root of context hierarchy
06-28-2017 12:37:24 INFO  - o.h.v.i.u.Version    - HV000001: Hibernate Validator 5.3.4.Final
06-28-2017 12:37:24 INFO  - o.s.c.s.PostProcessorRegistrationDelegate$BeanPostProcessorChecker - Bean 'org.springframework.transaction.annotation.ProxyTransactionManagementConfiguration' of type [org.springframework.transaction.annotation.ProxyTransactionManagementConfiguration$$EnhancerBySpringCGLIB$$8a3739cd] is not eligible for getting processed by all BeanPostProcessors (for example: not eligible for auto-proxying)
06-28-2017 12:37:24 INFO  - o.s.b.c.e.t.TomcatEmbeddedServletContainer - Tomcat initialized with port(s): 8080 (http)
06-28-2017 12:37:24 INFO  - o.a.c.c.StandardService - Starting service Tomcat
06-28-2017 12:37:24 INFO  - o.a.c.c.StandardEngine - Starting Servlet Engine: Apache Tomcat/8.5.11
06-28-2017 12:37:25 INFO  - o.a.c.c.C.[.[.[/simpleadserver] - Initializing Spring embedded WebApplicationContext
06-28-2017 12:37:25 INFO  - o.s.w.c.ContextLoader - Root WebApplicationContext: initialization completed in 1246 ms
06-28-2017 12:37:25 INFO  - o.s.b.w.s.ServletRegistrationBean - Mapping servlet: 'dispatcherServlet' to [/]
06-28-2017 12:37:25 INFO  - o.s.b.w.s.FilterRegistrationBean - Mapping filter: 'characterEncodingFilter' to: [/*]
06-28-2017 12:37:25 INFO  - o.s.b.w.s.FilterRegistrationBean - Mapping filter: 'hiddenHttpMethodFilter' to: [/*]
06-28-2017 12:37:25 INFO  - o.s.b.w.s.FilterRegistrationBean - Mapping filter: 'httpPutFormContentFilter' to: [/*]
06-28-2017 12:37:25 INFO  - o.s.b.w.s.FilterRegistrationBean - Mapping filter: 'requestContextFilter' to: [/*]
06-28-2017 12:37:25 INFO  - o.s.j.d.DriverManagerDataSource - Loaded JDBC driver: org.hsqldb.jdbcDriver
06-28-2017 12:37:25 INFO  - o.s.w.s.m.m.a.RequestMappingHandlerAdapter - Looking for @ControllerAdvice: org.springframework.boot.context.embedded.AnnotationConfigEmbeddedWebApplicationContext@14514713: startup date [Wed Jun 28 12:37:23 EDT 2017]; root of context hierarchy
06-28-2017 12:37:25 INFO  - o.s.w.s.m.m.a.RequestMappingHandlerMapping - Mapped "{[/ad],methods=[POST]}" onto public org.springframework.http.ResponseEntity<java.lang.String> com.comcast.simpleadserver.controller.SimpleAdServerController.postAdCampaign(com.comcast.simpleadserver.model.AdCampaign)
06-28-2017 12:37:25 INFO  - o.s.w.s.m.m.a.RequestMappingHandlerMapping - Mapped "{[/{partnerId}],methods=[GET]}" onto public org.springframework.http.ResponseEntity<?> com.comcast.simpleadserver.controller.SimpleAdServerController.getAdCampaign(java.lang.String) throws com.fasterxml.jackson.core.JsonProcessingException
06-28-2017 12:37:25 INFO  - o.s.w.s.m.m.a.RequestMappingHandlerMapping - Mapped "{[/error]}" onto public org.springframework.http.ResponseEntity<java.util.Map<java.lang.String, java.lang.Object>> org.springframework.boot.autoconfigure.web.BasicErrorController.error(javax.servlet.http.HttpServletRequest)
06-28-2017 12:37:25 INFO  - o.s.w.s.m.m.a.RequestMappingHandlerMapping - Mapped "{[/error],produces=[text/html]}" onto public org.springframework.web.servlet.ModelAndView org.springframework.boot.autoconfigure.web.BasicErrorController.errorHtml(javax.servlet.http.HttpServletRequest,javax.servlet.http.HttpServletResponse)
06-28-2017 12:37:25 INFO  - o.s.w.s.h.SimpleUrlHandlerMapping - Mapped URL path [/webjars/**] onto handler of type [class org.springframework.web.servlet.resource.ResourceHttpRequestHandler]
06-28-2017 12:37:25 INFO  - o.s.w.s.h.SimpleUrlHandlerMapping - Mapped URL path [/**] onto handler of type [class org.springframework.web.servlet.resource.ResourceHttpRequestHandler]
06-28-2017 12:37:25 INFO  - o.s.w.s.h.SimpleUrlHandlerMapping - Mapped URL path [/**/favicon.ico] onto handler of type [class org.springframework.web.servlet.resource.ResourceHttpRequestHandler]
06-28-2017 12:37:25 INFO  - o.s.j.d.e.EmbeddedDatabaseFactory - Starting embedded database: url='jdbc:hsqldb:mem:testdb', username='sa'
06-28-2017 12:37:26 INFO  - o.s.j.e.a.AnnotationMBeanExporter - Registering beans for JMX exposure on startup
06-28-2017 12:37:26 INFO  - o.a.c.h.Http11NioProtocol - Initializing ProtocolHandler ["http-nio-8080"]
06-28-2017 12:37:26 INFO  - o.a.c.h.Http11NioProtocol - Starting ProtocolHandler [http-nio-8080]
06-28-2017 12:37:26 INFO  - o.a.t.u.n.NioSelectorPool - Using a shared selector for servlet write/read
06-28-2017 12:37:26 INFO  - o.s.b.c.e.t.TomcatEmbeddedServletContainer - Tomcat started on port(s): 8080 (http)
06-28-2017 12:37:26 INFO  - c.c.s.m.SimpleAdServerApplication - Started SimpleAdServerApplication in 2.967 seconds (JVM running for 3.599)
06-28-2017 02:23:54 INFO  - o.a.c.c.C.[.[.[/simpleadserver] - Initializing Spring FrameworkServlet 'dispatcherServlet'
06-28-2017 02:23:54 INFO  - o.s.w.s.DispatcherServlet - FrameworkServlet 'dispatcherServlet': initialization started
06-28-2017 02:23:54 INFO  - o.s.w.s.DispatcherServlet - FrameworkServlet 'dispatcherServlet': initialization completed in 13 ms
06-29-2017 10:06:45 INFO  - o.s.b.c.e.AnnotationConfigEmbeddedWebApplicationContext - Closing org.springframework.boot.context.embedded.AnnotationConfigEmbeddedWebApplicationContext@14514713: startup date [Wed Jun 28 12:37:23 EDT 2017]; root of context hierarchy
06-29-2017 10:06:45 INFO  - o.s.j.d.e.EmbeddedDatabaseFactory - Shutting down embedded database: url='jdbc:hsqldb:mem:testdb'
06-29-2017 10:06:45 INFO  - o.s.j.e.a.AnnotationMBeanExporter - Unregistering JMX-exposed beans on shutdown
